Mon, 03 Apr 2017 20:38:56 GMT
Mon, 03 Apr 2017 20:39:56 GMT
Mon, 03 Apr 2017 20:40:44 GMT
Mon, 03 Apr 2017 20:41:12 GMT
Tue, 04 Apr 2017 15:56:25 GMT
Wed, 12 Apr 2017 16:17:01 GMT

Wed, 12 Apr 2017 16:40:12 GMT
Wed, 12 Apr 2017 16:44:36 GMT
Wed, 12 Apr 2017 16:47:34 GMT
Wed, 12 Apr 2017 16:48:11 GMT
Thu, 13 Apr 2017 04:15:47 GMT
Thu, 13 Apr 2017 13:26:14 GMT
Thu, 13 Apr 2017 15:13:47 GMT
Thu, 13 Apr 2017 22:50:16 GMT
Mon, 17 Apr 2017 15:09:12 GMT
Wed, 19 Apr 2017 19:45:13 GMT
Wed, 19 Apr 2017 19:45:38 GMT
Wed, 19 Apr 2017 19:46:32 GMT
Wed, 19 Apr 2017 19:48:46 GMT
Wed, 19 Apr 2017 19:50:27 GMT
Wed, 19 Apr 2017 19:52:14 GMT
Wed, 19 Apr 2017 19:55:13 GMT
Wed, 19 Apr 2017 19:58:13 GMT
Wed, 19 Apr 2017 20:15:58 GMT
Thu, 20 Apr 2017 01:49:24 GMT
Thu, 20 Apr 2017 20:36:06 GMT
Fri, 21 Apr 2017 00:59:15 GMT
